<?xml version="1.0" encoding="UTF-8"?>
<testng-results total="2" passed="2" failed="0" skipped="0">
  <reporter-output>
  </reporter-output>
  <suite started-at="2020-07-23T05:11:59Z" name="Suite" finished-at="2020-07-23T05:12:10Z" duration-ms="10928">
    <groups>
    </groups>
    <test started-at="2020-07-23T05:11:59Z" name="Validating User login" finished-at="2020-07-23T05:12:10Z" duration-ms="10928">
      <class name="TestCases.AddItemsToCart">
        <test-method is-config="true" signature="initialize()[pri:0, instance:TestCases.AddItemsToCart@44828f6b]" started-at="2020-07-23T10:41:59Z" name="initialize" finished-at="2020-07-23T10:42:04Z" duration-ms="5067" status="PASS">
          <reporter-output>
          </reporter-output>
        </test-method> <!-- initialize -->
        <test-method is-config="true" signature="initialize()[pri:0, instance:TestCases.HomePage@5357c287]" started-at="2020-07-23T10:42:04Z" name="initialize" finished-at="2020-07-23T10:42:07Z" duration-ms="3109" status="PASS">
          <reporter-output>
          </reporter-output>
        </test-method> <!-- initialize -->
        <test-method signature="Addcart()[pri:0, instance:TestCases.AddItemsToCart@44828f6b]" started-at="2020-07-23T10:42:09Z" name="Addcart" finished-at="2020-07-23T10:42:10Z" duration-ms="1240" status="PASS">
          <reporter-output>
          </reporter-output>
        </test-method> <!-- Addcart -->
      </class> <!-- TestCases.AddItemsToCart -->
      <class name="TestCases.HomePage">
        <test-method signature="userLogin(java.lang.String, java.lang.String, java.lang.String)[pri:0, instance:TestCases.HomePage@5357c287]" started-at="2020-07-23T10:42:07Z" name="userLogin" data-provider="getData" finished-at="2020-07-23T10:42:09Z" duration-ms="1395" status="PASS">
          <params>
            <param index="0">
              <value>
                <![CDATA[standard_user]]>
              </value>
            </param>
            <param index="1">
              <value>
                <![CDATA[secret_sauce]]>
              </value>
            </param>
            <param index="2">
              <value>
                <![CDATA[testdata set 1]]>
              </value>
            </param>
          </params>
          <reporter-output>
          </reporter-output>
        </test-method> <!-- userLogin -->
        <test-method is-config="true" signature="teardown()[pri:0, instance:TestCases.HomePage@5357c287]" started-at="2020-07-23T10:42:10Z" name="teardown" finished-at="2020-07-23T10:42:10Z" duration-ms="87" status="PASS">
          <reporter-output>
          </reporter-output>
        </test-method> <!-- teardown -->
      </class> <!-- TestCases.HomePage -->
    </test> <!-- Validating User login -->
  </suite> <!-- Suite -->
</testng-results>
